<?xml version="1.0" encoding="UTF-8"?>
<testsuite name="msgParserGUI.SimpleTest" tests="1" skipped="0" failures="0" errors="0" timestamp="2018-12-09T11:58:18" hostname="MacBooketo.local" time="0.096">
  <properties/>
  <testcase name="test" classname="msgParserGUI.SimpleTest" time="0.096"/>
  <system-out><![CDATA[]]></system-out>
  <system-err><![CDATA[]]></system-err>
</testsuite>
